
Showing logs for build [32mcb-kubecd-environment-pr-228-4-xgq7s-1[0m stage [32mfrom-build-pack[0m and container [32mstep-credential-initializer-p4ln7[0m
{"level":"info","ts":1590030409.4096634,"logger":"fallback-logger","caller":"logging/config.go:69","msg":"Fetch GitHub commit ID from kodata failed: open /var/run/ko/refs/heads/0.8.0-ns-support: no such file or directory"}
{"level":"info","ts":1590030409.410475,"logger":"fallback-logger","caller":"creds-init/main.go:40","msg":"Credentials initialized."}

Showing logs for build [32mcb-kubecd-environment-pr-228-4-xgq7s-1[0m stage [32mfrom-build-pack[0m and container [32mstep-working-dir-initializer-rtc2w[0m
{"level":"info","ts":1590030410.791452,"logger":"fallback-logger","caller":"logging/config.go:69","msg":"Fetch GitHub commit ID from kodata failed: open /var/run/ko/HEAD: no such file or directory"}
{"level":"info","ts":1590030410.793594,"logger":"fallback-logger","caller":"bash/main.go:64","msg":"Successfully executed command \"sh -c mkdir -p /workspace/source\"; output "}

Showing logs for build [32mcb-kubecd-environment-pr-228-4-xgq7s-1[0m stage [32mfrom-build-pack[0m and container [32mstep-place-tools[0m

Showing logs for build [32mcb-kubecd-environment-pr-228-4-xgq7s-1[0m stage [32mfrom-build-pack[0m and container [32mstep-git-source-cb-kubecd-environment-pr-228-4-xgq7s-wjpjn[0m
{"level":"info","ts":1590030414.947728,"logger":"fallback-logger","caller":"logging/config.go:69","msg":"Fetch GitHub commit ID from kodata failed: open /var/run/ko/refs/heads/0.8.0-ns-support: no such file or directory"}
{"level":"info","ts":1590030415.964217,"logger":"fallback-logger","caller":"git/git.go:103","msg":"Successfully cloned https://github.com/cb-kubecd/environment-pr-228-4-gke-upgrade-production.git @ master in path /workspace/source"}

Showing logs for build [32mcb-kubecd-environment-pr-228-4-xgq7s-1[0m stage [32mfrom-build-pack[0m and container [32mstep-git-merge[0m
Using SHAs from PULL_REFS=master:89252e5a4ac5d2e1f7dd98dc24c17343aa3e5355,1:d7d2e8e19098c01b4971cdb61ee501e6626eb6f1
DEBUG: LC_ALL=C JX_LOG_LEVEL=error git fetch origin --unshallow d7d2e8e19098c01b4971cdb61ee501e6626eb6f1: 89252e5a4ac5d2e1f7dd98dc24c17343aa3e5355:
DEBUG: ran git fetch --unshallow origin d7d2e8e19098c01b4971cdb61ee501e6626eb6f1: 89252e5a4ac5d2e1f7dd98dc24c17343aa3e5355: in 
DEBUG: LC_ALL=C JX_LOG_LEVEL=error git branch
DEBUG: LC_ALL=C JX_LOG_LEVEL=error git checkout master
DEBUG: ran git checkout master in 
DEBUG: JX_LOG_LEVEL=error LC_ALL=C git reset --hard 89252e5a4ac5d2e1f7dd98dc24c17343aa3e5355
DEBUG: ran git reset --hard 89252e5a4ac5d2e1f7dd98dc24c17343aa3e5355 in 
DEBUG: LC_ALL=C JX_LOG_LEVEL=error git clean -fd .
DEBUG: ran clean --force -d . in 
DEBUG: LC_ALL=C JX_LOG_LEVEL=error git merge d7d2e8e19098c01b4971cdb61ee501e6626eb6f1
DEBUG: ran git merge d7d2e8e19098c01b4971cdb61ee501e6626eb6f1 in 
DEBUG: LC_ALL=C JX_LOG_LEVEL=error git log --format=%H%x1f%an%x1f%ae%x1f%cn%x1f%ce%x1f%s%n%b%x1e 89252e5a4ac5d2e1f7dd98dc24c17343aa3e5355..HEAD
Merged SHA d7d2e8e19098c01b4971cdb61ee501e6626eb6f1 with commit message 'chore: Promote bdd-spring-1590028953 to version 0.0.1' into base branch master

Showing logs for build [32mcb-kubecd-environment-pr-228-4-xgq7s-1[0m stage [32mfrom-build-pack[0m and container [32mstep-build-helm-build[0m
WARNING: No $CHART_REPOSITORY defined so using the default value of: http://jenkins-x-chartmuseum:8080
Adding missing Helm repo: storage.googleapis.com https://storage.googleapis.com/chartmuseum.jenkins-x.io
WARNING: No secrets found on "helm/repos" due: reading the secret "helm/repos" from vault: no secret "helm/repos" not found in vault
Read credentials for https://storage.googleapis.com/chartmuseum.jenkins-x.io from vault helm/repos
Successfully added Helm repository storage.googleapis.com.
Adding missing Helm repo: jenkins-x-chartmuseum http://jenkins-x-chartmuseum:8080
WARNING: No secrets found on "helm/repos" due: reading the secret "helm/repos" from vault: no secret "helm/repos" not found in vault
Read credentials for http://jenkins-x-chartmuseum:8080 from vault helm/repos
Successfully added Helm repository jenkins-x-chartmuseum.
WARNING: No $CHART_REPOSITORY defined so using the default value of: http://jenkins-x-chartmuseum:8080
Adding missing Helm repo: chartmuseum.jenkins-x.io http://chartmuseum.jenkins-x.io
WARNING: No secrets found on "helm/repos" due: reading the secret "helm/repos" from vault: no secret "helm/repos" not found in vault
Read credentials for http://chartmuseum.jenkins-x.io from vault helm/repos
Successfully added Helm repository chartmuseum.jenkins-x.io.
